  main.cpp
c:\users\alex1234\desktop\פתוחה\גרפיקה ממוחשבת\פרוייקט\mmn17\mmn17\main.cpp(36): warning C4305: 'initializing': truncation from 'double' to 'GLfloat'
c:\users\alex1234\desktop\פתוחה\גרפיקה ממוחשבת\פרוייקט\mmn17\mmn17\main.cpp(43): warning C4305: 'initializing': truncation from 'double' to 'float'
c:\users\alex1234\desktop\פתוחה\גרפיקה ממוחשבת\פרוייקט\mmn17\mmn17\main.cpp(44): warning C4244: 'initializing': conversion from 'double' to 'float', possible loss of data
c:\users\alex1234\desktop\פתוחה\גרפיקה ממוחשבת\פרוייקט\mmn17\mmn17\main.cpp(45): warning C4305: 'initializing': truncation from 'double' to 'GLfloat'
c:\users\alex1234\desktop\פתוחה\גרפיקה ממוחשבת\פרוייקט\mmn17\mmn17\main.cpp(46): warning C4305: 'initializing': truncation from 'double' to 'GLfloat'
c:\users\alex1234\desktop\פתוחה\גרפיקה ממוחשבת\פרוייקט\mmn17\mmn17\main.cpp(53): warning C4244: 'initializing': conversion from 'double' to 'float', possible loss of data
c:\users\alex1234\desktop\פתוחה\גרפיקה ממוחשבת\פרוייקט\mmn17\mmn17\main.cpp(54): warning C4305: 'initializing': truncation from 'double' to 'float'
c:\users\alex1234\desktop\פתוחה\גרפיקה ממוחשבת\פרוייקט\mmn17\mmn17\main.cpp(70): warning C4305: 'initializing': truncation from 'double' to 'float'
c:\users\alex1234\desktop\פתוחה\גרפיקה ממוחשבת\פרוייקט\mmn17\mmn17\main.cpp(73): warning C4305: 'initializing': truncation from 'double' to 'GLfloat'
c:\users\alex1234\desktop\פתוחה\גרפיקה ממוחשבת\פרוייקט\mmn17\mmn17\main.cpp(77): warning C4244: 'initializing': conversion from 'double' to 'float', possible loss of data
c:\users\alex1234\desktop\פתוחה\גרפיקה ממוחשבת\פרוייקט\mmn17\mmn17\main.cpp(82): warning C4244: 'initializing': conversion from 'double' to 'float', possible loss of data
c:\users\alex1234\desktop\פתוחה\גרפיקה ממוחשבת\פרוייקט\mmn17\mmn17\main.cpp(83): warning C4305: 'initializing': truncation from 'double' to 'float'
c:\users\alex1234\desktop\פתוחה\גרפיקה ממוחשבת\פרוייקט\mmn17\mmn17\main.cpp(111): warning C4305: 'argument': truncation from 'double' to 'GLfloat'
c:\users\alex1234\desktop\פתוחה\גרפיקה ממוחשבת\פרוייקט\mmn17\mmn17\main.cpp(141): warning C4305: 'argument': truncation from 'double' to 'GLfloat'
c:\users\alex1234\desktop\פתוחה\גרפיקה ממוחשבת\פרוייקט\mmn17\mmn17\main.cpp(142): warning C4305: 'argument': truncation from 'double' to 'GLfloat'
c:\users\alex1234\desktop\פתוחה\גרפיקה ממוחשבת\פרוייקט\mmn17\mmn17\main.cpp(143): warning C4244: 'argument': conversion from 'double' to 'GLfloat', possible loss of data
c:\users\alex1234\desktop\פתוחה\גרפיקה ממוחשבת\פרוייקט\mmn17\mmn17\main.cpp(154): warning C4305: 'argument': truncation from 'double' to 'GLfloat'
c:\users\alex1234\desktop\פתוחה\גרפיקה ממוחשבת\פרוייקט\mmn17\mmn17\main.cpp(155): warning C4305: 'argument': truncation from 'double' to 'GLfloat'
c:\users\alex1234\desktop\פתוחה\גרפיקה ממוחשבת\פרוייקט\mmn17\mmn17\main.cpp(156): warning C4305: 'argument': truncation from 'double' to 'GLfloat'
c:\users\alex1234\desktop\פתוחה\גרפיקה ממוחשבת\פרוייקט\mmn17\mmn17\main.cpp(220): warning C4305: 'initializing': truncation from 'double' to 'GLfloat'
c:\users\alex1234\desktop\פתוחה\גרפיקה ממוחשבת\פרוייקט\mmn17\mmn17\main.cpp(235): warning C4305: 'argument': truncation from 'double' to 'float'
c:\users\alex1234\desktop\פתוחה\גרפיקה ממוחשבת\פרוייקט\mmn17\mmn17\main.cpp(246): warning C4244: 'argument': conversion from 'int' to 'GLfloat', possible loss of data
c:\users\alex1234\desktop\פתוחה\גרפיקה ממוחשבת\פרוייקט\mmn17\mmn17\main.cpp(247): warning C4244: 'argument': conversion from 'int' to 'GLfloat', possible loss of data
c:\users\alex1234\desktop\פתוחה\גרפיקה ממוחשבת\פרוייקט\mmn17\mmn17\main.cpp(248): warning C4244: 'argument': conversion from 'int' to 'GLfloat', possible loss of data
c:\users\alex1234\desktop\פתוחה\גרפיקה ממוחשבת\פרוייקט\mmn17\mmn17\main.cpp(252): warning C4244: 'argument': conversion from 'int' to 'GLfloat', possible loss of data
c:\users\alex1234\desktop\פתוחה\גרפיקה ממוחשבת\פרוייקט\mmn17\mmn17\main.cpp(253): warning C4244: 'argument': conversion from 'int' to 'GLfloat', possible loss of data
c:\users\alex1234\desktop\פתוחה\גרפיקה ממוחשבת\פרוייקט\mmn17\mmn17\main.cpp(254): warning C4244: 'argument': conversion from 'int' to 'GLfloat', possible loss of data
c:\users\alex1234\desktop\פתוחה\גרפיקה ממוחשבת\פרוייקט\mmn17\mmn17\main.cpp(272): warning C4244: 'initializing': conversion from 'int' to 'float', possible loss of data
c:\users\alex1234\desktop\פתוחה\גרפיקה ממוחשבת\פרוייקט\mmn17\mmn17\main.cpp(286): warning C4244: 'argument': conversion from 'double' to 'GLfloat', possible loss of data
c:\users\alex1234\desktop\פתוחה\גרפיקה ממוחשבת\פרוייקט\mmn17\mmn17\main.cpp(287): warning C4244: 'argument': conversion from 'double' to 'GLfloat', possible loss of data
c:\users\alex1234\desktop\פתוחה\גרפיקה ממוחשבת\פרוייקט\mmn17\mmn17\main.cpp(313): warning C4244: 'argument': conversion from 'double' to 'GLfloat', possible loss of data
c:\users\alex1234\desktop\פתוחה\גרפיקה ממוחשבת\פרוייקט\mmn17\mmn17\main.cpp(347): warning C4244: 'initializing': conversion from 'double' to 'float', possible loss of data
c:\users\alex1234\desktop\פתוחה\גרפיקה ממוחשבת\פרוייקט\mmn17\mmn17\main.cpp(348): warning C4244: 'initializing': conversion from 'double' to 'float', possible loss of data
c:\users\alex1234\desktop\פתוחה\גרפיקה ממוחשבת\פרוייקט\mmn17\mmn17\main.cpp(349): warning C4244: 'initializing': conversion from 'double' to 'float', possible loss of data
c:\users\alex1234\desktop\פתוחה\גרפיקה ממוחשבת\פרוייקט\mmn17\mmn17\main.cpp(353): warning C4244: 'argument': conversion from 'double' to 'GLfloat', possible loss of data
c:\users\alex1234\desktop\פתוחה\גרפיקה ממוחשבת\פרוייקט\mmn17\mmn17\main.cpp(356): warning C4305: 'argument': truncation from 'double' to 'GLfloat'
c:\users\alex1234\desktop\פתוחה\גרפיקה ממוחשבת\פרוייקט\mmn17\mmn17\main.cpp(358): warning C4244: 'argument': conversion from 'double' to 'GLfloat', possible loss of data
c:\users\alex1234\desktop\פתוחה\גרפיקה ממוחשבת\פרוייקט\mmn17\mmn17\main.cpp(358): warning C4305: 'argument': truncation from 'double' to 'GLfloat'
c:\users\alex1234\desktop\פתוחה\גרפיקה ממוחשבת\פרוייקט\mmn17\mmn17\main.cpp(422): warning C4244: 'initializing': conversion from 'double' to 'float', possible loss of data
c:\users\alex1234\desktop\פתוחה\גרפיקה ממוחשבת\פרוייקט\mmn17\mmn17\main.cpp(423): warning C4244: 'initializing': conversion from 'double' to 'float', possible loss of data
c:\users\alex1234\desktop\פתוחה\גרפיקה ממוחשבת\פרוייקט\mmn17\mmn17\main.cpp(441): warning C4244: 'argument': conversion from 'double' to 'float', possible loss of data
c:\users\alex1234\desktop\פתוחה\גרפיקה ממוחשבת\פרוייקט\mmn17\mmn17\main.cpp(451): warning C4244: 'initializing': conversion from 'double' to 'float', possible loss of data
c:\users\alex1234\desktop\פתוחה\גרפיקה ממוחשבת\פרוייקט\mmn17\mmn17\main.cpp(452): warning C4244: 'initializing': conversion from 'double' to 'float', possible loss of data
c:\users\alex1234\desktop\פתוחה\גרפיקה ממוחשבת\פרוייקט\mmn17\mmn17\main.cpp(454): warning C4244: 'argument': conversion from 'double' to 'float', possible loss of data
c:\users\alex1234\desktop\פתוחה\גרפיקה ממוחשבת\פרוייקט\mmn17\mmn17\main.cpp(455): warning C4244: 'argument': conversion from 'double' to 'float', possible loss of data
c:\users\alex1234\desktop\פתוחה\גרפיקה ממוחשבת\פרוייקט\mmn17\mmn17\main.cpp(462): warning C4244: 'initializing': conversion from 'double' to 'float', possible loss of data
c:\users\alex1234\desktop\פתוחה\גרפיקה ממוחשבת\פרוייקט\mmn17\mmn17\main.cpp(463): warning C4244: 'initializing': conversion from 'double' to 'float', possible loss of data
c:\users\alex1234\desktop\פתוחה\גרפיקה ממוחשבת\פרוייקט\mmn17\mmn17\main.cpp(473): warning C4305: 'initializing': truncation from 'double' to 'float'
c:\users\alex1234\desktop\פתוחה\גרפיקה ממוחשבת\פרוייקט\mmn17\mmn17\main.cpp(483): warning C4244: 'argument': conversion from 'double' to 'float', possible loss of data
c:\users\alex1234\desktop\פתוחה\גרפיקה ממוחשבת\פרוייקט\mmn17\mmn17\main.cpp(503): warning C4244: 'argument': conversion from 'double' to 'GLfloat', possible loss of data
c:\users\alex1234\desktop\פתוחה\גרפיקה ממוחשבת\פרוייקט\mmn17\mmn17\main.cpp(504): warning C4244: 'argument': conversion from 'double' to 'GLfloat', possible loss of data
c:\users\alex1234\desktop\פתוחה\גרפיקה ממוחשבת\פרוייקט\mmn17\mmn17\main.cpp(528): warning C4305: 'initializing': truncation from 'double' to 'GLfloat'
c:\users\alex1234\desktop\פתוחה\גרפיקה ממוחשבת\פרוייקט\mmn17\mmn17\main.cpp(537): warning C4305: 'argument': truncation from 'double' to 'GLfloat'
c:\users\alex1234\desktop\פתוחה\גרפיקה ממוחשבת\פרוייקט\mmn17\mmn17\main.cpp(538): warning C4305: 'argument': truncation from 'double' to 'GLfloat'
c:\users\alex1234\desktop\פתוחה\גרפיקה ממוחשבת\פרוייקט\mmn17\mmn17\main.cpp(539): warning C4305: 'argument': truncation from 'double' to 'GLfloat'
c:\users\alex1234\desktop\פתוחה\גרפיקה ממוחשבת\פרוייקט\mmn17\mmn17\main.cpp(540): warning C4305: 'argument': truncation from 'double' to 'GLfloat'
c:\users\alex1234\desktop\פתוחה\גרפיקה ממוחשבת\פרוייקט\mmn17\mmn17\main.cpp(544): warning C4305: 'argument': truncation from 'double' to 'GLfloat'
c:\users\alex1234\desktop\פתוחה\גרפיקה ממוחשבת\פרוייקט\mmn17\mmn17\main.cpp(545): warning C4305: 'argument': truncation from 'double' to 'GLfloat'
c:\users\alex1234\desktop\פתוחה\גרפיקה ממוחשבת\פרוייקט\mmn17\mmn17\main.cpp(546): warning C4305: 'argument': truncation from 'double' to 'GLfloat'
c:\users\alex1234\desktop\פתוחה\גרפיקה ממוחשבת\פרוייקט\mmn17\mmn17\main.cpp(547): warning C4305: 'argument': truncation from 'double' to 'GLfloat'
c:\users\alex1234\desktop\פתוחה\גרפיקה ממוחשבת\פרוייקט\mmn17\mmn17\main.cpp(551): warning C4305: 'argument': truncation from 'double' to 'GLfloat'
c:\users\alex1234\desktop\פתוחה\גרפיקה ממוחשבת\פרוייקט\mmn17\mmn17\main.cpp(552): warning C4305: 'argument': truncation from 'double' to 'GLfloat'
c:\users\alex1234\desktop\פתוחה\גרפיקה ממוחשבת\פרוייקט\mmn17\mmn17\main.cpp(553): warning C4305: 'argument': truncation from 'double' to 'GLfloat'
c:\users\alex1234\desktop\פתוחה\גרפיקה ממוחשבת\פרוייקט\mmn17\mmn17\main.cpp(554): warning C4305: 'argument': truncation from 'double' to 'GLfloat'
c:\users\alex1234\desktop\פתוחה\גרפיקה ממוחשבת\פרוייקט\mmn17\mmn17\main.cpp(558): warning C4305: 'argument': truncation from 'double' to 'GLfloat'
c:\users\alex1234\desktop\פתוחה\גרפיקה ממוחשבת\פרוייקט\mmn17\mmn17\main.cpp(559): warning C4305: 'argument': truncation from 'double' to 'GLfloat'
c:\users\alex1234\desktop\פתוחה\גרפיקה ממוחשבת\פרוייקט\mmn17\mmn17\main.cpp(560): warning C4305: 'argument': truncation from 'double' to 'GLfloat'
c:\users\alex1234\desktop\פתוחה\גרפיקה ממוחשבת\פרוייקט\mmn17\mmn17\main.cpp(561): warning C4305: 'argument': truncation from 'double' to 'GLfloat'
c:\users\alex1234\desktop\פתוחה\גרפיקה ממוחשבת\פרוייקט\mmn17\mmn17\main.cpp(566): warning C4305: 'argument': truncation from 'double' to 'GLfloat'
c:\users\alex1234\desktop\פתוחה\גרפיקה ממוחשבת\פרוייקט\mmn17\mmn17\main.cpp(567): warning C4305: 'argument': truncation from 'double' to 'GLfloat'
c:\users\alex1234\desktop\פתוחה\גרפיקה ממוחשבת\פרוייקט\mmn17\mmn17\main.cpp(568): warning C4305: 'argument': truncation from 'double' to 'GLfloat'
c:\users\alex1234\desktop\פתוחה\גרפיקה ממוחשבת\פרוייקט\mmn17\mmn17\main.cpp(569): warning C4305: 'argument': truncation from 'double' to 'GLfloat'
c:\users\alex1234\desktop\פתוחה\גרפיקה ממוחשבת\פרוייקט\mmn17\mmn17\main.cpp(574): warning C4305: 'argument': truncation from 'double' to 'GLfloat'
c:\users\alex1234\desktop\פתוחה\גרפיקה ממוחשבת\פרוייקט\mmn17\mmn17\main.cpp(575): warning C4305: 'argument': truncation from 'double' to 'GLfloat'
c:\users\alex1234\desktop\פתוחה\גרפיקה ממוחשבת\פרוייקט\mmn17\mmn17\main.cpp(576): warning C4305: 'argument': truncation from 'double' to 'GLfloat'
c:\users\alex1234\desktop\פתוחה\גרפיקה ממוחשבת\פרוייקט\mmn17\mmn17\main.cpp(577): warning C4305: 'argument': truncation from 'double' to 'GLfloat'
c:\users\alex1234\desktop\פתוחה\גרפיקה ממוחשבת\פרוייקט\mmn17\mmn17\main.cpp(583): warning C4305: 'argument': truncation from 'double' to 'GLfloat'
c:\users\alex1234\desktop\פתוחה\גרפיקה ממוחשבת\פרוייקט\mmn17\mmn17\main.cpp(584): warning C4305: 'argument': truncation from 'double' to 'GLfloat'
c:\users\alex1234\desktop\פתוחה\גרפיקה ממוחשבת\פרוייקט\mmn17\mmn17\main.cpp(585): warning C4305: 'argument': truncation from 'double' to 'GLfloat'
c:\users\alex1234\desktop\פתוחה\גרפיקה ממוחשבת\פרוייקט\mmn17\mmn17\main.cpp(586): warning C4305: 'argument': truncation from 'double' to 'GLfloat'
c:\users\alex1234\desktop\פתוחה\גרפיקה ממוחשבת\פרוייקט\mmn17\mmn17\main.cpp(591): warning C4305: 'argument': truncation from 'double' to 'GLfloat'
c:\users\alex1234\desktop\פתוחה\גרפיקה ממוחשבת\פרוייקט\mmn17\mmn17\main.cpp(592): warning C4305: 'argument': truncation from 'double' to 'GLfloat'
c:\users\alex1234\desktop\פתוחה\גרפיקה ממוחשבת\פרוייקט\mmn17\mmn17\main.cpp(593): warning C4305: 'argument': truncation from 'double' to 'GLfloat'
c:\users\alex1234\desktop\פתוחה\גרפיקה ממוחשבת\פרוייקט\mmn17\mmn17\main.cpp(594): warning C4305: 'argument': truncation from 'double' to 'GLfloat'
c:\users\alex1234\desktop\פתוחה\גרפיקה ממוחשבת\פרוייקט\mmn17\mmn17\main.cpp(599): warning C4305: 'argument': truncation from 'double' to 'GLfloat'
c:\users\alex1234\desktop\פתוחה\גרפיקה ממוחשבת\פרוייקט\mmn17\mmn17\main.cpp(600): warning C4305: 'argument': truncation from 'double' to 'GLfloat'
c:\users\alex1234\desktop\פתוחה\גרפיקה ממוחשבת\פרוייקט\mmn17\mmn17\main.cpp(601): warning C4305: 'argument': truncation from 'double' to 'GLfloat'
c:\users\alex1234\desktop\פתוחה\גרפיקה ממוחשבת\פרוייקט\mmn17\mmn17\main.cpp(602): warning C4305: 'argument': truncation from 'double' to 'GLfloat'
c:\users\alex1234\desktop\פתוחה\גרפיקה ממוחשבת\פרוייקט\mmn17\mmn17\main.cpp(607): warning C4305: 'argument': truncation from 'double' to 'GLfloat'
c:\users\alex1234\desktop\פתוחה\גרפיקה ממוחשבת\פרוייקט\mmn17\mmn17\main.cpp(608): warning C4305: 'argument': truncation from 'double' to 'GLfloat'
c:\users\alex1234\desktop\פתוחה\גרפיקה ממוחשבת\פרוייקט\mmn17\mmn17\main.cpp(609): warning C4305: 'argument': truncation from 'double' to 'GLfloat'
c:\users\alex1234\desktop\פתוחה\גרפיקה ממוחשבת\פרוייקט\mmn17\mmn17\main.cpp(610): warning C4305: 'argument': truncation from 'double' to 'GLfloat'
c:\users\alex1234\desktop\פתוחה\גרפיקה ממוחשבת\פרוייקט\mmn17\mmn17\main.cpp(616): warning C4305: 'argument': truncation from 'double' to 'GLfloat'
c:\users\alex1234\desktop\פתוחה\גרפיקה ממוחשבת\פרוייקט\mmn17\mmn17\main.cpp(617): warning C4305: 'argument': truncation from 'double' to 'GLfloat'
c:\users\alex1234\desktop\פתוחה\גרפיקה ממוחשבת\פרוייקט\mmn17\mmn17\main.cpp(618): warning C4305: 'argument': truncation from 'double' to 'GLfloat'
c:\users\alex1234\desktop\פתוחה\גרפיקה ממוחשבת\פרוייקט\mmn17\mmn17\main.cpp(619): warning C4305: 'argument': truncation from 'double' to 'GLfloat'
c:\users\alex1234\desktop\פתוחה\גרפיקה ממוחשבת\פרוייקט\mmn17\mmn17\main.cpp(624): warning C4305: 'argument': truncation from 'double' to 'GLfloat'
c:\users\alex1234\desktop\פתוחה\גרפיקה ממוחשבת\פרוייקט\mmn17\mmn17\main.cpp(625): warning C4305: 'argument': truncation from 'double' to 'GLfloat'
c:\users\alex1234\desktop\פתוחה\גרפיקה ממוחשבת\פרוייקט\mmn17\mmn17\main.cpp(626): warning C4305: 'argument': truncation from 'double' to 'GLfloat'
c:\users\alex1234\desktop\פתוחה\גרפיקה ממוחשבת\פרוייקט\mmn17\mmn17\main.cpp(627): warning C4305: 'argument': truncation from 'double' to 'GLfloat'
c:\users\alex1234\desktop\פתוחה\גרפיקה ממוחשבת\פרוייקט\mmn17\mmn17\main.cpp(632): warning C4305: 'argument': truncation from 'double' to 'GLfloat'
c:\users\alex1234\desktop\פתוחה\גרפיקה ממוחשבת\פרוייקט\mmn17\mmn17\main.cpp(633): warning C4305: 'argument': truncation from 'double' to 'GLfloat'
c:\users\alex1234\desktop\פתוחה\גרפיקה ממוחשבת\פרוייקט\mmn17\mmn17\main.cpp(634): warning C4305: 'argument': truncation from 'double' to 'GLfloat'
c:\users\alex1234\desktop\פתוחה\גרפיקה ממוחשבת\פרוייקט\mmn17\mmn17\main.cpp(635): warning C4305: 'argument': truncation from 'double' to 'GLfloat'
c:\users\alex1234\desktop\פתוחה\גרפיקה ממוחשבת\פרוייקט\mmn17\mmn17\main.cpp(640): warning C4305: 'argument': truncation from 'double' to 'GLfloat'
c:\users\alex1234\desktop\פתוחה\גרפיקה ממוחשבת\פרוייקט\mmn17\mmn17\main.cpp(641): warning C4305: 'argument': truncation from 'double' to 'GLfloat'
c:\users\alex1234\desktop\פתוחה\גרפיקה ממוחשבת\פרוייקט\mmn17\mmn17\main.cpp(642): warning C4305: 'argument': truncation from 'double' to 'GLfloat'
c:\users\alex1234\desktop\פתוחה\גרפיקה ממוחשבת\פרוייקט\mmn17\mmn17\main.cpp(643): warning C4305: 'argument': truncation from 'double' to 'GLfloat'
c:\users\alex1234\desktop\פתוחה\גרפיקה ממוחשבת\פרוייקט\mmn17\mmn17\main.cpp(648): warning C4305: 'argument': truncation from 'double' to 'GLfloat'
c:\users\alex1234\desktop\פתוחה\גרפיקה ממוחשבת\פרוייקט\mmn17\mmn17\main.cpp(649): warning C4305: 'argument': truncation from 'double' to 'GLfloat'
c:\users\alex1234\desktop\פתוחה\גרפיקה ממוחשבת\פרוייקט\mmn17\mmn17\main.cpp(650): warning C4305: 'argument': truncation from 'double' to 'GLfloat'
c:\users\alex1234\desktop\פתוחה\גרפיקה ממוחשבת\פרוייקט\mmn17\mmn17\main.cpp(651): warning C4305: 'argument': truncation from 'double' to 'GLfloat'
c:\users\alex1234\desktop\פתוחה\גרפיקה ממוחשבת\פרוייקט\mmn17\mmn17\main.cpp(656): warning C4305: 'argument': truncation from 'double' to 'GLfloat'
c:\users\alex1234\desktop\פתוחה\גרפיקה ממוחשבת\פרוייקט\mmn17\mmn17\main.cpp(657): warning C4305: 'argument': truncation from 'double' to 'GLfloat'
c:\users\alex1234\desktop\פתוחה\גרפיקה ממוחשבת\פרוייקט\mmn17\mmn17\main.cpp(658): warning C4305: 'argument': truncation from 'double' to 'GLfloat'
c:\users\alex1234\desktop\פתוחה\גרפיקה ממוחשבת\פרוייקט\mmn17\mmn17\main.cpp(659): warning C4305: 'argument': truncation from 'double' to 'GLfloat'
c:\users\alex1234\desktop\פתוחה\גרפיקה ממוחשבת\פרוייקט\mmn17\mmn17\main.cpp(664): warning C4305: 'argument': truncation from 'double' to 'GLfloat'
c:\users\alex1234\desktop\פתוחה\גרפיקה ממוחשבת\פרוייקט\mmn17\mmn17\main.cpp(665): warning C4305: 'argument': truncation from 'double' to 'GLfloat'
c:\users\alex1234\desktop\פתוחה\גרפיקה ממוחשבת\פרוייקט\mmn17\mmn17\main.cpp(666): warning C4305: 'argument': truncation from 'double' to 'GLfloat'
c:\users\alex1234\desktop\פתוחה\גרפיקה ממוחשבת\פרוייקט\mmn17\mmn17\main.cpp(667): warning C4305: 'argument': truncation from 'double' to 'GLfloat'
c:\users\alex1234\desktop\פתוחה\גרפיקה ממוחשבת\פרוייקט\mmn17\mmn17\main.cpp(672): warning C4305: 'argument': truncation from 'double' to 'GLfloat'
c:\users\alex1234\desktop\פתוחה\גרפיקה ממוחשבת\פרוייקט\mmn17\mmn17\main.cpp(673): warning C4305: 'argument': truncation from 'double' to 'GLfloat'
c:\users\alex1234\desktop\פתוחה\גרפיקה ממוחשבת\פרוייקט\mmn17\mmn17\main.cpp(674): warning C4305: 'argument': truncation from 'double' to 'GLfloat'
c:\users\alex1234\desktop\פתוחה\גרפיקה ממוחשבת\פרוייקט\mmn17\mmn17\main.cpp(675): warning C4305: 'argument': truncation from 'double' to 'GLfloat'
c:\users\alex1234\desktop\פתוחה\גרפיקה ממוחשבת\פרוייקט\mmn17\mmn17\main.cpp(682): warning C4305: 'argument': truncation from 'double' to 'GLfloat'
c:\users\alex1234\desktop\פתוחה\גרפיקה ממוחשבת\פרוייקט\mmn17\mmn17\main.cpp(683): warning C4305: 'argument': truncation from 'double' to 'GLfloat'
c:\users\alex1234\desktop\פתוחה\גרפיקה ממוחשבת\פרוייקט\mmn17\mmn17\main.cpp(684): warning C4305: 'argument': truncation from 'double' to 'GLfloat'
c:\users\alex1234\desktop\פתוחה\גרפיקה ממוחשבת\פרוייקט\mmn17\mmn17\main.cpp(685): warning C4305: 'argument': truncation from 'double' to 'GLfloat'
c:\users\alex1234\desktop\פתוחה\גרפיקה ממוחשבת\פרוייקט\mmn17\mmn17\main.cpp(690): warning C4305: 'argument': truncation from 'double' to 'GLfloat'
c:\users\alex1234\desktop\פתוחה\גרפיקה ממוחשבת\פרוייקט\mmn17\mmn17\main.cpp(691): warning C4305: 'argument': truncation from 'double' to 'GLfloat'
c:\users\alex1234\desktop\פתוחה\גרפיקה ממוחשבת\פרוייקט\mmn17\mmn17\main.cpp(692): warning C4305: 'argument': truncation from 'double' to 'GLfloat'
c:\users\alex1234\desktop\פתוחה\גרפיקה ממוחשבת\פרוייקט\mmn17\mmn17\main.cpp(693): warning C4305: 'argument': truncation from 'double' to 'GLfloat'
c:\users\alex1234\desktop\פתוחה\גרפיקה ממוחשבת\פרוייקט\mmn17\mmn17\main.cpp(698): warning C4305: 'argument': truncation from 'double' to 'GLfloat'
c:\users\alex1234\desktop\פתוחה\גרפיקה ממוחשבת\פרוייקט\mmn17\mmn17\main.cpp(699): warning C4305: 'argument': truncation from 'double' to 'GLfloat'
c:\users\alex1234\desktop\פתוחה\גרפיקה ממוחשבת\פרוייקט\mmn17\mmn17\main.cpp(700): warning C4305: 'argument': truncation from 'double' to 'GLfloat'
c:\users\alex1234\desktop\פתוחה\גרפיקה ממוחשבת\פרוייקט\mmn17\mmn17\main.cpp(701): warning C4305: 'argument': truncation from 'double' to 'GLfloat'
c:\users\alex1234\desktop\פתוחה\גרפיקה ממוחשבת\פרוייקט\mmn17\mmn17\main.cpp(706): warning C4305: 'argument': truncation from 'double' to 'GLfloat'
c:\users\alex1234\desktop\פתוחה\גרפיקה ממוחשבת\פרוייקט\mmn17\mmn17\main.cpp(707): warning C4305: 'argument': truncation from 'double' to 'GLfloat'
c:\users\alex1234\desktop\פתוחה\גרפיקה ממוחשבת\פרוייקט\mmn17\mmn17\main.cpp(708): warning C4305: 'argument': truncation from 'double' to 'GLfloat'
c:\users\alex1234\desktop\פתוחה\גרפיקה ממוחשבת\פרוייקט\mmn17\mmn17\main.cpp(709): warning C4305: 'argument': truncation from 'double' to 'GLfloat'
c:\users\alex1234\desktop\פתוחה\גרפיקה ממוחשבת\פרוייקט\mmn17\mmn17\main.cpp(715): warning C4305: 'argument': truncation from 'double' to 'GLfloat'
c:\users\alex1234\desktop\פתוחה\גרפיקה ממוחשבת\פרוייקט\mmn17\mmn17\main.cpp(716): warning C4305: 'argument': truncation from 'double' to 'GLfloat'
c:\users\alex1234\desktop\פתוחה\גרפיקה ממוחשבת\פרוייקט\mmn17\mmn17\main.cpp(717): warning C4305: 'argument': truncation from 'double' to 'GLfloat'
c:\users\alex1234\desktop\פתוחה\גרפיקה ממוחשבת\פרוייקט\mmn17\mmn17\main.cpp(718): warning C4305: 'argument': truncation from 'double' to 'GLfloat'
c:\users\alex1234\desktop\פתוחה\גרפיקה ממוחשבת\פרוייקט\mmn17\mmn17\main.cpp(722): warning C4305: 'argument': truncation from 'double' to 'GLfloat'
c:\users\alex1234\desktop\פתוחה\גרפיקה ממוחשבת\פרוייקט\mmn17\mmn17\main.cpp(723): warning C4305: 'argument': truncation from 'double' to 'GLfloat'
c:\users\alex1234\desktop\פתוחה\גרפיקה ממוחשבת\פרוייקט\mmn17\mmn17\main.cpp(724): warning C4305: 'argument': truncation from 'double' to 'GLfloat'
c:\users\alex1234\desktop\פתוחה\גרפיקה ממוחשבת\פרוייקט\mmn17\mmn17\main.cpp(725): warning C4305: 'argument': truncation from 'double' to 'GLfloat'
c:\users\alex1234\desktop\פתוחה\גרפיקה ממוחשבת\פרוייקט\mmn17\mmn17\main.cpp(729): warning C4305: 'argument': truncation from 'double' to 'GLfloat'
c:\users\alex1234\desktop\פתוחה\גרפיקה ממוחשבת\פרוייקט\mmn17\mmn17\main.cpp(730): warning C4305: 'argument': truncation from 'double' to 'GLfloat'
c:\users\alex1234\desktop\פתוחה\גרפיקה ממוחשבת\פרוייקט\mmn17\mmn17\main.cpp(731): warning C4305: 'argument': truncation from 'double' to 'GLfloat'
c:\users\alex1234\desktop\פתוחה\גרפיקה ממוחשבת\פרוייקט\mmn17\mmn17\main.cpp(732): warning C4305: 'argument': truncation from 'double' to 'GLfloat'
c:\users\alex1234\desktop\פתוחה\גרפיקה ממוחשבת\פרוייקט\mmn17\mmn17\main.cpp(735): warning C4305: 'argument': truncation from 'double' to 'GLfloat'
c:\users\alex1234\desktop\פתוחה\גרפיקה ממוחשבת\פרוייקט\mmn17\mmn17\main.cpp(736): warning C4305: 'argument': truncation from 'double' to 'GLfloat'
c:\users\alex1234\desktop\פתוחה\גרפיקה ממוחשבת\פרוייקט\mmn17\mmn17\main.cpp(737): warning C4305: 'argument': truncation from 'double' to 'GLfloat'
c:\users\alex1234\desktop\פתוחה\גרפיקה ממוחשבת\פרוייקט\mmn17\mmn17\main.cpp(738): warning C4305: 'argument': truncation from 'double' to 'GLfloat'
c:\users\alex1234\desktop\פתוחה\גרפיקה ממוחשבת\פרוייקט\mmn17\mmn17\main.cpp(740): warning C4305: 'argument': truncation from 'double' to 'GLfloat'
c:\users\alex1234\desktop\פתוחה\גרפיקה ממוחשבת\פרוייקט\mmn17\mmn17\main.cpp(741): warning C4305: 'argument': truncation from 'double' to 'GLfloat'
c:\users\alex1234\desktop\פתוחה\גרפיקה ממוחשבת\פרוייקט\mmn17\mmn17\main.cpp(742): warning C4305: 'argument': truncation from 'double' to 'GLfloat'
c:\users\alex1234\desktop\פתוחה\גרפיקה ממוחשבת\פרוייקט\mmn17\mmn17\main.cpp(743): warning C4305: 'argument': truncation from 'double' to 'GLfloat'
c:\users\alex1234\desktop\פתוחה\גרפיקה ממוחשבת\פרוייקט\mmn17\mmn17\main.cpp(759): warning C4305: 'initializing': truncation from 'double' to 'GLfloat'
c:\users\alex1234\desktop\פתוחה\גרפיקה ממוחשבת\פרוייקט\mmn17\mmn17\main.cpp(769): warning C4305: 'argument': truncation from 'double' to 'GLfloat'
c:\users\alex1234\desktop\פתוחה\גרפיקה ממוחשבת\פרוייקט\mmn17\mmn17\main.cpp(770): warning C4305: 'argument': truncation from 'double' to 'GLfloat'
c:\users\alex1234\desktop\פתוחה\גרפיקה ממוחשבת\פרוייקט\mmn17\mmn17\main.cpp(771): warning C4305: 'argument': truncation from 'double' to 'GLfloat'
c:\users\alex1234\desktop\פתוחה\גרפיקה ממוחשבת\פרוייקט\mmn17\mmn17\main.cpp(772): warning C4305: 'argument': truncation from 'double' to 'GLfloat'
c:\users\alex1234\desktop\פתוחה\גרפיקה ממוחשבת\פרוייקט\mmn17\mmn17\main.cpp(776): warning C4305: 'argument': truncation from 'double' to 'GLfloat'
c:\users\alex1234\desktop\פתוחה\גרפיקה ממוחשבת\פרוייקט\mmn17\mmn17\main.cpp(777): warning C4305: 'argument': truncation from 'double' to 'GLfloat'
c:\users\alex1234\desktop\פתוחה\גרפיקה ממוחשבת\פרוייקט\mmn17\mmn17\main.cpp(778): warning C4305: 'argument': truncation from 'double' to 'GLfloat'
c:\users\alex1234\desktop\פתוחה\גרפיקה ממוחשבת\פרוייקט\mmn17\mmn17\main.cpp(779): warning C4305: 'argument': truncation from 'double' to 'GLfloat'
c:\users\alex1234\desktop\פתוחה\גרפיקה ממוחשבת\פרוייקט\mmn17\mmn17\main.cpp(783): warning C4305: 'argument': truncation from 'double' to 'GLfloat'
c:\users\alex1234\desktop\פתוחה\גרפיקה ממוחשבת\פרוייקט\mmn17\mmn17\main.cpp(784): warning C4305: 'argument': truncation from 'double' to 'GLfloat'
c:\users\alex1234\desktop\פתוחה\גרפיקה ממוחשבת\פרוייקט\mmn17\mmn17\main.cpp(785): warning C4305: 'argument': truncation from 'double' to 'GLfloat'
c:\users\alex1234\desktop\פתוחה\גרפיקה ממוחשבת\פרוייקט\mmn17\mmn17\main.cpp(786): warning C4305: 'argument': truncation from 'double' to 'GLfloat'
c:\users\alex1234\desktop\פתוחה\גרפיקה ממוחשבת\פרוייקט\mmn17\mmn17\main.cpp(790): warning C4305: 'argument': truncation from 'double' to 'GLfloat'
c:\users\alex1234\desktop\פתוחה\גרפיקה ממוחשבת\פרוייקט\mmn17\mmn17\main.cpp(791): warning C4305: 'argument': truncation from 'double' to 'GLfloat'
c:\users\alex1234\desktop\פתוחה\גרפיקה ממוחשבת\פרוייקט\mmn17\mmn17\main.cpp(792): warning C4305: 'argument': truncation from 'double' to 'GLfloat'
c:\users\alex1234\desktop\פתוחה\גרפיקה ממוחשבת\פרוייקט\mmn17\mmn17\main.cpp(793): warning C4305: 'argument': truncation from 'double' to 'GLfloat'
c:\users\alex1234\desktop\פתוחה\גרפיקה ממוחשבת\פרוייקט\mmn17\mmn17\main.cpp(798): warning C4305: 'argument': truncation from 'double' to 'GLfloat'
c:\users\alex1234\desktop\פתוחה\גרפיקה ממוחשבת\פרוייקט\mmn17\mmn17\main.cpp(799): warning C4305: 'argument': truncation from 'double' to 'GLfloat'
c:\users\alex1234\desktop\פתוחה\גרפיקה ממוחשבת\פרוייקט\mmn17\mmn17\main.cpp(800): warning C4305: 'argument': truncation from 'double' to 'GLfloat'
c:\users\alex1234\desktop\פתוחה\גרפיקה ממוחשבת\פרוייקט\mmn17\mmn17\main.cpp(801): warning C4305: 'argument': truncation from 'double' to 'GLfloat'
c:\users\alex1234\desktop\פתוחה\גרפיקה ממוחשבת\פרוייקט\mmn17\mmn17\main.cpp(806): warning C4305: 'argument': truncation from 'double' to 'GLfloat'
c:\users\alex1234\desktop\פתוחה\גרפיקה ממוחשבת\פרוייקט\mmn17\mmn17\main.cpp(807): warning C4305: 'argument': truncation from 'double' to 'GLfloat'
c:\users\alex1234\desktop\פתוחה\גרפיקה ממוחשבת\פרוייקט\mmn17\mmn17\main.cpp(808): warning C4305: 'argument': truncation from 'double' to 'GLfloat'
c:\users\alex1234\desktop\פתוחה\גרפיקה ממוחשבת\פרוייקט\mmn17\mmn17\main.cpp(809): warning C4305: 'argument': truncation from 'double' to 'GLfloat'
c:\users\alex1234\desktop\פתוחה\גרפיקה ממוחשבת\פרוייקט\mmn17\mmn17\main.cpp(815): warning C4305: 'argument': truncation from 'double' to 'GLfloat'
c:\users\alex1234\desktop\פתוחה\גרפיקה ממוחשבת\פרוייקט\mmn17\mmn17\main.cpp(816): warning C4305: 'argument': truncation from 'double' to 'GLfloat'
c:\users\alex1234\desktop\פתוחה\גרפיקה ממוחשבת\פרוייקט\mmn17\mmn17\main.cpp(817): warning C4305: 'argument': truncation from 'double' to 'GLfloat'
c:\users\alex1234\desktop\פתוחה\גרפיקה ממוחשבת\פרוייקט\mmn17\mmn17\main.cpp(818): warning C4305: 'argument': truncation from 'double' to 'GLfloat'
c:\users\alex1234\desktop\פתוחה\גרפיקה ממוחשבת\פרוייקט\mmn17\mmn17\main.cpp(823): warning C4305: 'argument': truncation from 'double' to 'GLfloat'
c:\users\alex1234\desktop\פתוחה\גרפיקה ממוחשבת\פרוייקט\mmn17\mmn17\main.cpp(824): warning C4305: 'argument': truncation from 'double' to 'GLfloat'
c:\users\alex1234\desktop\פתוחה\גרפיקה ממוחשבת\פרוייקט\mmn17\mmn17\main.cpp(825): warning C4305: 'argument': truncation from 'double' to 'GLfloat'
c:\users\alex1234\desktop\פתוחה\גרפיקה ממוחשבת\פרוייקט\mmn17\mmn17\main.cpp(826): warning C4305: 'argument': truncation from 'double' to 'GLfloat'
c:\users\alex1234\desktop\פתוחה\גרפיקה ממוחשבת\פרוייקט\mmn17\mmn17\main.cpp(831): warning C4305: 'argument': truncation from 'double' to 'GLfloat'
c:\users\alex1234\desktop\פתוחה\גרפיקה ממוחשבת\פרוייקט\mmn17\mmn17\main.cpp(832): warning C4305: 'argument': truncation from 'double' to 'GLfloat'
c:\users\alex1234\desktop\פתוחה\גרפיקה ממוחשבת\פרוייקט\mmn17\mmn17\main.cpp(833): warning C4305: 'argument': truncation from 'double' to 'GLfloat'
c:\users\alex1234\desktop\פתוחה\גרפיקה ממוחשבת\פרוייקט\mmn17\mmn17\main.cpp(834): warning C4305: 'argument': truncation from 'double' to 'GLfloat'
c:\users\alex1234\desktop\פתוחה\גרפיקה ממוחשבת\פרוייקט\mmn17\mmn17\main.cpp(839): warning C4305: 'argument': truncation from 'double' to 'GLfloat'
c:\users\alex1234\desktop\פתוחה\גרפיקה ממוחשבת\פרוייקט\mmn17\mmn17\main.cpp(840): warning C4305: 'argument': truncation from 'double' to 'GLfloat'
c:\users\alex1234\desktop\פתוחה\גרפיקה ממוחשבת\פרוייקט\mmn17\mmn17\main.cpp(841): warning C4305: 'argument': truncation from 'double' to 'GLfloat'
c:\users\alex1234\desktop\פתוחה\גרפיקה ממוחשבת\פרוייקט\mmn17\mmn17\main.cpp(842): warning C4305: 'argument': truncation from 'double' to 'GLfloat'
c:\users\alex1234\desktop\פתוחה\גרפיקה ממוחשבת\פרוייקט\mmn17\mmn17\main.cpp(848): warning C4305: 'argument': truncation from 'double' to 'GLfloat'
c:\users\alex1234\desktop\פתוחה\גרפיקה ממוחשבת\פרוייקט\mmn17\mmn17\main.cpp(849): warning C4305: 'argument': truncation from 'double' to 'GLfloat'
c:\users\alex1234\desktop\פתוחה\גרפיקה ממוחשבת\פרוייקט\mmn17\mmn17\main.cpp(850): warning C4305: 'argument': truncation from 'double' to 'GLfloat'
c:\users\alex1234\desktop\פתוחה\גרפיקה ממוחשבת\פרוייקט\mmn17\mmn17\main.cpp(851): warning C4305: 'argument': truncation from 'double' to 'GLfloat'
c:\users\alex1234\desktop\פתוחה\גרפיקה ממוחשבת\פרוייקט\mmn17\mmn17\main.cpp(856): warning C4305: 'argument': truncation from 'double' to 'GLfloat'
c:\users\alex1234\desktop\פתוחה\גרפיקה ממוחשבת\פרוייקט\mmn17\mmn17\main.cpp(857): warning C4305: 'argument': truncation from 'double' to 'GLfloat'
c:\users\alex1234\desktop\פתוחה\גרפיקה ממוחשבת\פרוייקט\mmn17\mmn17\main.cpp(858): warning C4305: 'argument': truncation from 'double' to 'GLfloat'
c:\users\alex1234\desktop\פתוחה\גרפיקה ממוחשבת\פרוייקט\mmn17\mmn17\main.cpp(859): warning C4305: 'argument': truncation from 'double' to 'GLfloat'
c:\users\alex1234\desktop\פתוחה\גרפיקה ממוחשבת\פרוייקט\mmn17\mmn17\main.cpp(864): warning C4305: 'argument': truncation from 'double' to 'GLfloat'
c:\users\alex1234\desktop\פתוחה\גרפיקה ממוחשבת\פרוייקט\mmn17\mmn17\main.cpp(865): warning C4305: 'argument': truncation from 'double' to 'GLfloat'
c:\users\alex1234\desktop\פתוחה\גרפיקה ממוחשבת\פרוייקט\mmn17\mmn17\main.cpp(866): warning C4305: 'argument': truncation from 'double' to 'GLfloat'
c:\users\alex1234\desktop\פתוחה\גרפיקה ממוחשבת\פרוייקט\mmn17\mmn17\main.cpp(867): warning C4305: 'argument': truncation from 'double' to 'GLfloat'
c:\users\alex1234\desktop\פתוחה\גרפיקה ממוחשבת\פרוייקט\mmn17\mmn17\main.cpp(872): warning C4305: 'argument': truncation from 'double' to 'GLfloat'
c:\users\alex1234\desktop\פתוחה\גרפיקה ממוחשבת\פרוייקט\mmn17\mmn17\main.cpp(873): warning C4305: 'argument': truncation from 'double' to 'GLfloat'
c:\users\alex1234\desktop\פתוחה\גרפיקה ממוחשבת\פרוייקט\mmn17\mmn17\main.cpp(874): warning C4305: 'argument': truncation from 'double' to 'GLfloat'
c:\users\alex1234\desktop\פתוחה\גרפיקה ממוחשבת\פרוייקט\mmn17\mmn17\main.cpp(875): warning C4305: 'argument': truncation from 'double' to 'GLfloat'
c:\users\alex1234\desktop\פתוחה\גרפיקה ממוחשבת\פרוייקט\mmn17\mmn17\main.cpp(880): warning C4305: 'argument': truncation from 'double' to 'GLfloat'
c:\users\alex1234\desktop\פתוחה\גרפיקה ממוחשבת\פרוייקט\mmn17\mmn17\main.cpp(881): warning C4305: 'argument': truncation from 'double' to 'GLfloat'
c:\users\alex1234\desktop\פתוחה\גרפיקה ממוחשבת\פרוייקט\mmn17\mmn17\main.cpp(882): warning C4305: 'argument': truncation from 'double' to 'GLfloat'
c:\users\alex1234\desktop\פתוחה\גרפיקה ממוחשבת\פרוייקט\mmn17\mmn17\main.cpp(883): warning C4305: 'argument': truncation from 'double' to 'GLfloat'
c:\users\alex1234\desktop\פתוחה\גרפיקה ממוחשבת\פרוייקט\mmn17\mmn17\main.cpp(888): warning C4305: 'argument': truncation from 'double' to 'GLfloat'
c:\users\alex1234\desktop\פתוחה\גרפיקה ממוחשבת\פרוייקט\mmn17\mmn17\main.cpp(889): warning C4305: 'argument': truncation from 'double' to 'GLfloat'
c:\users\alex1234\desktop\פתוחה\גרפיקה ממוחשבת\פרוייקט\mmn17\mmn17\main.cpp(890): warning C4305: 'argument': truncation from 'double' to 'GLfloat'
c:\users\alex1234\desktop\פתוחה\גרפיקה ממוחשבת\פרוייקט\mmn17\mmn17\main.cpp(891): warning C4305: 'argument': truncation from 'double' to 'GLfloat'
c:\users\alex1234\desktop\פתוחה\גרפיקה ממוחשבת\פרוייקט\mmn17\mmn17\main.cpp(896): warning C4305: 'argument': truncation from 'double' to 'GLfloat'
c:\users\alex1234\desktop\פתוחה\גרפיקה ממוחשבת\פרוייקט\mmn17\mmn17\main.cpp(897): warning C4305: 'argument': truncation from 'double' to 'GLfloat'
c:\users\alex1234\desktop\פתוחה\גרפיקה ממוחשבת\פרוייקט\mmn17\mmn17\main.cpp(898): warning C4305: 'argument': truncation from 'double' to 'GLfloat'
c:\users\alex1234\desktop\פתוחה\גרפיקה ממוחשבת\פרוייקט\mmn17\mmn17\main.cpp(899): warning C4305: 'argument': truncation from 'double' to 'GLfloat'
c:\users\alex1234\desktop\פתוחה\גרפיקה ממוחשבת\פרוייקט\mmn17\mmn17\main.cpp(904): warning C4305: 'argument': truncation from 'double' to 'GLfloat'
c:\users\alex1234\desktop\פתוחה\גרפיקה ממוחשבת\פרוייקט\mmn17\mmn17\main.cpp(905): warning C4305: 'argument': truncation from 'double' to 'GLfloat'
c:\users\alex1234\desktop\פתוחה\גרפיקה ממוחשבת\פרוייקט\mmn17\mmn17\main.cpp(906): warning C4305: 'argument': truncation from 'double' to 'GLfloat'
c:\users\alex1234\desktop\פתוחה\גרפיקה ממוחשבת\פרוייקט\mmn17\mmn17\main.cpp(907): warning C4305: 'argument': truncation from 'double' to 'GLfloat'
c:\users\alex1234\desktop\פתוחה\גרפיקה ממוחשבת\פרוייקט\mmn17\mmn17\main.cpp(914): warning C4305: 'argument': truncation from 'double' to 'GLfloat'
c:\users\alex1234\desktop\פתוחה\גרפיקה ממוחשבת\פרוייקט\mmn17\mmn17\main.cpp(915): warning C4305: 'argument': truncation from 'double' to 'GLfloat'
c:\users\alex1234\desktop\פתוחה\גרפיקה ממוחשבת\פרוייקט\mmn17\mmn17\main.cpp(916): warning C4305: 'argument': truncation from 'double' to 'GLfloat'
c:\users\alex1234\desktop\פתוחה\גרפיקה ממוחשבת\פרוייקט\mmn17\mmn17\main.cpp(917): warning C4305: 'argument': truncation from 'double' to 'GLfloat'
c:\users\alex1234\desktop\פתוחה\גרפיקה ממוחשבת\פרוייקט\mmn17\mmn17\main.cpp(922): warning C4305: 'argument': truncation from 'double' to 'GLfloat'
c:\users\alex1234\desktop\פתוחה\גרפיקה ממוחשבת\פרוייקט\mmn17\mmn17\main.cpp(923): warning C4305: 'argument': truncation from 'double' to 'GLfloat'
c:\users\alex1234\desktop\פתוחה\גרפיקה ממוחשבת\פרוייקט\mmn17\mmn17\main.cpp(924): warning C4305: 'argument': truncation from 'double' to 'GLfloat'
c:\users\alex1234\desktop\פתוחה\גרפיקה ממוחשבת\פרוייקט\mmn17\mmn17\main.cpp(925): warning C4305: 'argument': truncation from 'double' to 'GLfloat'
c:\users\alex1234\desktop\פתוחה\גרפיקה ממוחשבת\פרוייקט\mmn17\mmn17\main.cpp(930): warning C4305: 'argument': truncation from 'double' to 'GLfloat'
c:\users\alex1234\desktop\פתוחה\גרפיקה ממוחשבת\פרוייקט\mmn17\mmn17\main.cpp(931): warning C4305: 'argument': truncation from 'double' to 'GLfloat'
c:\users\alex1234\desktop\פתוחה\גרפיקה ממוחשבת\פרוייקט\mmn17\mmn17\main.cpp(932): warning C4305: 'argument': truncation from 'double' to 'GLfloat'
c:\users\alex1234\desktop\פתוחה\גרפיקה ממוחשבת\פרוייקט\mmn17\mmn17\main.cpp(933): warning C4305: 'argument': truncation from 'double' to 'GLfloat'
c:\users\alex1234\desktop\פתוחה\גרפיקה ממוחשבת\פרוייקט\mmn17\mmn17\main.cpp(938): warning C4305: 'argument': truncation from 'double' to 'GLfloat'
c:\users\alex1234\desktop\פתוחה\גרפיקה ממוחשבת\פרוייקט\mmn17\mmn17\main.cpp(939): warning C4305: 'argument': truncation from 'double' to 'GLfloat'
c:\users\alex1234\desktop\פתוחה\גרפיקה ממוחשבת\פרוייקט\mmn17\mmn17\main.cpp(940): warning C4305: 'argument': truncation from 'double' to 'GLfloat'
c:\users\alex1234\desktop\פתוחה\גרפיקה ממוחשבת\פרוייקט\mmn17\mmn17\main.cpp(941): warning C4305: 'argument': truncation from 'double' to 'GLfloat'
c:\users\alex1234\desktop\פתוחה\גרפיקה ממוחשבת\פרוייקט\mmn17\mmn17\main.cpp(959): warning C4305: 'initializing': truncation from 'double' to 'GLfloat'
c:\users\alex1234\desktop\פתוחה\גרפיקה ממוחשבת\פרוייקט\mmn17\mmn17\main.cpp(965): warning C4305: 'argument': truncation from 'double' to 'GLfloat'
c:\users\alex1234\desktop\פתוחה\גרפיקה ממוחשבת\פרוייקט\mmn17\mmn17\main.cpp(986): warning C4305: 'initializing': truncation from 'double' to 'float'
c:\users\alex1234\desktop\פתוחה\גרפיקה ממוחשבת\פרוייקט\mmn17\mmn17\main.cpp(990): warning C4305: 'initializing': truncation from 'double' to 'GLfloat'
c:\users\alex1234\desktop\פתוחה\גרפיקה ממוחשבת\פרוייקט\mmn17\mmn17\main.cpp(998): warning C4244: 'argument': conversion from 'double' to 'GLfloat', possible loss of data
c:\users\alex1234\desktop\פתוחה\גרפיקה ממוחשבת\פרוייקט\mmn17\mmn17\main.cpp(1081): warning C4305: 'initializing': truncation from 'double' to 'float'
c:\users\alex1234\desktop\פתוחה\גרפיקה ממוחשבת\פרוייקט\mmn17\mmn17\main.cpp(1093): warning C4244: '=': conversion from 'int' to 'float', possible loss of data
c:\users\alex1234\desktop\פתוחה\גרפיקה ממוחשבת\פרוייקט\mmn17\mmn17\main.cpp(1096): warning C4244: 'initializing': conversion from 'double' to 'float', possible loss of data
c:\users\alex1234\desktop\פתוחה\גרפיקה ממוחשבת\פרוייקט\mmn17\mmn17\main.cpp(1097): warning C4244: '=': conversion from 'int' to 'float', possible loss of data
c:\users\alex1234\desktop\פתוחה\גרפיקה ממוחשבת\פרוייקט\mmn17\mmn17\main.cpp(1116): warning C4244: '=': conversion from 'double' to 'float', possible loss of data
c:\users\alex1234\desktop\פתוחה\גרפיקה ממוחשבת\פרוייקט\mmn17\mmn17\main.cpp(1117): warning C4244: '=': conversion from 'double' to 'float', possible loss of data
c:\users\alex1234\desktop\פתוחה\גרפיקה ממוחשבת\פרוייקט\mmn17\mmn17\main.cpp(1122): warning C4244: '=': conversion from 'double' to 'float', possible loss of data
c:\users\alex1234\desktop\פתוחה\גרפיקה ממוחשבת\פרוייקט\mmn17\mmn17\main.cpp(1123): warning C4244: '=': conversion from 'double' to 'float', possible loss of data
c:\users\alex1234\desktop\פתוחה\גרפיקה ממוחשבת\פרוייקט\mmn17\mmn17\main.cpp(1127): warning C4244: '=': conversion from 'double' to 'float', possible loss of data
c:\users\alex1234\desktop\פתוחה\גרפיקה ממוחשבת\פרוייקט\mmn17\mmn17\main.cpp(1128): warning C4244: '=': conversion from 'double' to 'float', possible loss of data
c:\users\alex1234\desktop\פתוחה\גרפיקה ממוחשבת\פרוייקט\mmn17\mmn17\main.cpp(1132): warning C4244: '=': conversion from 'double' to 'float', possible loss of data
c:\users\alex1234\desktop\פתוחה\גרפיקה ממוחשבת\פרוייקט\mmn17\mmn17\main.cpp(1133): warning C4244: '=': conversion from 'double' to 'float', possible loss of data
c:\users\alex1234\desktop\פתוחה\גרפיקה ממוחשבת\פרוייקט\mmn17\mmn17\main.cpp(1137): warning C4244: '=': conversion from 'double' to 'float', possible loss of data
c:\users\alex1234\desktop\פתוחה\גרפיקה ממוחשבת\פרוייקט\mmn17\mmn17\main.cpp(1138): warning C4244: '=': conversion from 'double' to 'float', possible loss of data
c:\users\alex1234\desktop\פתוחה\גרפיקה ממוחשבת\פרוייקט\mmn17\mmn17\main.cpp(1142): warning C4244: '=': conversion from 'double' to 'float', possible loss of data
c:\users\alex1234\desktop\פתוחה\גרפיקה ממוחשבת\פרוייקט\mmn17\mmn17\main.cpp(1143): warning C4244: '=': conversion from 'double' to 'float', possible loss of data
c:\users\alex1234\desktop\פתוחה\גרפיקה ממוחשבת\פרוייקט\mmn17\mmn17\main.cpp(1149): warning C4326: return type of 'main' should be 'int' instead of 'void'
  mmn17.vcxproj -> C:\Users\alex1234\Desktop\פתוחה\גרפיקה ממוחשבת\פרוייקט\mmn17\Debug\mmn17.exe
